C:\Users\Murilo Heyde\Desktop\MENTORIA CONQUISTE SUA VAGA\geckodriver.exe: error: Found argument '--websocket-port' which wasn't expected, or isn't valid in this context

USAGE:
    geckodriver.exe [FLAGS] [OPTIONS]

For more information try --help

C:\Users\Murilo Heyde\Desktop\MENTORIA CONQUISTE SUA VAGA\geckodriver.exe: error: Found argument '--websocket-port' which wasn't expected, or isn't valid in this context

USAGE:
    geckodriver.exe [FLAGS] [OPTIONS]

For more information try --help

1666287652280	mozrunner::runner	INFO	Running command: "C:\\Program Files\\Mozilla Firefox\\firefox.exe" "-marionette" "-foreground" "-no-remote" "-profile" "C:\\Users\\MURILO~1\\AppData\\Local\\Temp\\rust_mozprofile10hxTX"
1666287654332	Marionette	INFO	Marionette enabled
1666287654346	Marionette	INFO	Listening on port 60407
1666287655899	RemoteAgent	WARN	TLS certificate errors will be ignored for this session
JavaScript error: resource://gre/modules/XULStore.jsm, line 58: Error: Can't find profile directory.
console.warn: SearchSettings: "get: No settings file exists, new profile?" (new NotFoundError("Could not open the file at C:\\Users\\MURILO~1\\AppData\\Local\\Temp\\rust_mozprofile10hxTX\\search.json.mozlz4", (void 0)))
1666287661920	Marionette	WARN	Ignoring event 'pageshow' because document has an invalid readyState of 'uninitialized'.
JavaScript warning: https://static.xx.fbcdn.net/rsrc.php/v3iAmK4/yg/l/pt_BR/cAVoixFLPXx.js?_nc_x=Ij3Wp8lg5Kz, line 21: WEBGL_debug_renderer_info is deprecated in Firefox and will be removed. Please use RENDERER.
1666287738217	Marionette	INFO	Stopped listening on port 60407
[Parent 9388, IPC I/O Parent] WARNING: DuplicateHandle failed for handle 0 in TransferHandles: file /builds/worker/checkouts/gecko/ipc/chromium/src/chrome/common/ipc_channel_win.cc:723
[Parent 9388, IPC I/O Parent] WARNING: file /builds/worker/checkouts/gecko/ipc/chromium/src/base/process_util_win.cc:167
1666287810336	mozrunner::runner	INFO	Running command: "C:\\Program Files\\Mozilla Firefox\\firefox.exe" "-marionette" "-foreground" "-no-remote" "-profile" "C:\\Users\\MURILO~1\\AppData\\Local\\Temp\\rust_mozprofileI7aMa3"
1666287811845	Marionette	INFO	Marionette enabled
1666287811856	Marionette	INFO	Listening on port 60520
1666287812504	RemoteAgent	WARN	TLS certificate errors will be ignored for this session
JavaScript error: resource://gre/modules/XULStore.jsm, line 58: Error: Can't find profile directory.
console.warn: SearchSettings: "get: No settings file exists, new profile?" (new NotFoundError("Could not open the file at C:\\Users\\MURILO~1\\AppData\\Local\\Temp\\rust_mozprofileI7aMa3\\search.json.mozlz4", (void 0)))
1666288210966	mozrunner::runner	INFO	Running command: "C:\\Program Files\\Mozilla Firefox\\firefox.exe" "-marionette" "-foreground" "-no-remote" "-profile" "C:\\Users\\MURILO~1\\AppData\\Local\\Temp\\rust_mozprofileYhnPfC"
1666288212858	Marionette	INFO	Marionette enabled
1666288212878	Marionette	INFO	Listening on port 60695
1666288214572	RemoteAgent	WARN	TLS certificate errors will be ignored for this session
JavaScript error: resource://gre/modules/XULStore.jsm, line 58: Error: Can't find profile directory.
console.warn: SearchSettings: "get: No settings file exists, new profile?" (new NotFoundError("Could not open the file at C:\\Users\\MURILO~1\\AppData\\Local\\Temp\\rust_mozprofileYhnPfC\\search.json.mozlz4", (void 0)))
1666288260912	Marionette	INFO	Stopped listening on port 60695
1666288382605	mozrunner::runner	INFO	Running command: "C:\\Program Files\\Mozilla Firefox\\firefox.exe" "-marionette" "-foreground" "-no-remote" "-profile" "C:\\Users\\MURILO~1\\AppData\\Local\\Temp\\rust_mozprofileeWYIi1"
1666288383921	Marionette	INFO	Marionette enabled
1666288383933	Marionette	INFO	Listening on port 60817
JavaScript error: resource://gre/modules/XULStore.jsm, line 58: Error: Can't find profile directory.
1666288385930	RemoteAgent	WARN	TLS certificate errors will be ignored for this session
console.warn: SearchSettings: "get: No settings file exists, new profile?" (new NotFoundError("Could not open the file at C:\\Users\\MURILO~1\\AppData\\Local\\Temp\\rust_mozprofileeWYIi1\\search.json.mozlz4", (void 0)))
1666288423428	Marionette	INFO	Stopped listening on port 60817
JavaScript error: resource://gre/modules/UrlClassifierListManager.jsm, line 693: TypeError: this.tablesData[table] is undefined
1666288534201	mozrunner::runner	INFO	Running command: "C:\\Program Files\\Mozilla Firefox\\firefox.exe" "-marionette" "-foreground" "-no-remote" "-profile" "C:\\Users\\MURILO~1\\AppData\\Local\\Temp\\rust_mozprofileED7aa7"
1666288536157	Marionette	INFO	Marionette enabled
1666288536174	Marionette	INFO	Listening on port 60984
1666288536688	RemoteAgent	WARN	TLS certificate errors will be ignored for this session
JavaScript error: resource://gre/modules/XULStore.jsm, line 58: Error: Can't find profile directory.
console.warn: SearchSettings: "get: No settings file exists, new profile?" (new NotFoundError("Could not open the file at C:\\Users\\MURILO~1\\AppData\\Local\\Temp\\rust_mozprofileED7aa7\\search.json.mozlz4", (void 0)))
1666288579204	Marionette	INFO	Stopped listening on port 60984
1666288624493	mozrunner::runner	INFO	Running command: "C:\\Program Files\\Mozilla Firefox\\firefox.exe" "-marionette" "-foreground" "-no-remote" "-profile" "C:\\Users\\MURILO~1\\AppData\\Local\\Temp\\rust_mozprofile6eF3IL"
1666288626048	Marionette	INFO	Marionette enabled
1666288626061	Marionette	INFO	Listening on port 61069
1666288626229	RemoteAgent	WARN	TLS certificate errors will be ignored for this session
JavaScript error: resource://gre/modules/XULStore.jsm, line 58: Error: Can't find profile directory.
console.warn: SearchSettings: "get: No settings file exists, new profile?" (new NotFoundError("Could not open the file at C:\\Users\\MURILO~1\\AppData\\Local\\Temp\\rust_mozprofile6eF3IL\\search.json.mozlz4", (void 0)))
console.warn: LoginRecipes: "Falling back to a synchronous message for: https://www.instagram.com."
1666289470542	Marionette	INFO	Stopped listening on port 61069
JavaScript error: resource:///modules/WindowsJumpLists.jsm, line 274: TypeError: this._builder is undefined
LO~1\\AppData\\Local\\Temp\\rust_mozprofile283u7G"
1666288876175	Marionette	INFO	Marionette enabled
1666288876187	Marionette	INFO	Listening on port 61215
1666288876350	RemoteAgent	WARN	TLS certificate errors will be ignored for this session
JavaScript error: resource://gre/modules/XULStore.jsm, line 58: Error: Can't find profile directory.
console.warn: SearchSettings: "get: No settings file exists, new profile?" (new NotFoundError("Could not open the file at C:\\Users\\MURILO~1\\AppData\\Local\\Temp\\rust_mozprofile283u7G\\search.json.mozlz4", (void 0)))
JavaScript warning: https://static.cdninstagram.com/rsrc.php/v3i3EL4/yr/l/pt_BR/9lG1fLg4tsj.js?_nc_x=Ij3Wp8lg5Kz, line 1805: unreachable code after return statement
JavaScript warning: https://static.cdninstagram.com/rsrc.php/v3i3EL4/yr/l/pt_BR/9lG1fLg4tsj.js?_nc_x=Ij3Wp8lg5Kz, line 1805: unreachable code after return statement
JavaScript warning: https://static.cdninstagram.com/rsrc.php/v3i3EL4/yr/l/pt_BR/9lG1fLg4tsj.js?_nc_x=Ij3Wp8lg5Kz, line 1805: unreachable code after return statement
JavaScript warning: https://static.cdninstagram.com/rsrc.php/v3ip1w4/yg/l/pt_BR/MM9wWhuqosl.js?_nc_x=Ij3Wp8lg5Kz, line 37: WEBGL_debug_renderer_info is deprecated in Firefox and will be removed. Please use RENDERER.
console.warn: LoginRecipes: "Falling back to a synchronous message for: https://www.instagram.com."
JavaScript warning: https://static.cdninstagram.com/rsrc.php/v3i3EL4/yr/l/pt_BR/9lG1fLg4tsj.js?_nc_x=Ij3Wp8lg5Kz, line 1805: unreachable code after return statement
JavaScript warning: https://static.cdninstagram.com/rsrc.php/v3i3EL4/yr/l/pt_BR/9lG1fLg4tsj.js?_nc_x=Ij3Wp8lg5Kz, line 1805: unreachable code after return statement
JavaScript warning: https://static.cdninstagram.com/rsrc.php/v3i3EL4/yr/l/pt_BR/9lG1fLg4tsj.js?_nc_x=Ij3Wp8lg5Kz, line 1805: unreachable code after return statement
JavaScript warning: https://static.cdninstagram.com/rsrc.php/v3ip1w4/yg/l/pt_BR/MM9wWhuqosl.js?_nc_x=Ij3Wp8lg5Kz, line 37: WEBGL_debug_renderer_info is deprecated in Firefox and will be removed. Please use RENDERER.
JavaScript warning: https://www.google.com/xjs/_/js/k=xjs.s.pt_BR.r5tZdXGAtTo.O/am=ggBQQcAA8AIAkAEAyAygAAAAAACAAgAwBiD4_wQAAqgJYmCAMgkgBAAEpvwDAAAAAwAggAMCEAAAAMBHwgUAzhwAAAws4QIAAAAAAAAAULAlCAYukAgIAAQAAAAAAECqNNH6zBUAAQ/d=1/ed=1/dg=2/rs=ACT90oGugJeHIH_gfxfUgoWGyjasAaHxmg/m=attn,cdos,cr,dpf,hsm,jsa,d,csi, line 481: Script terminated by timeout at:
s_dqa@https://www.google.com/xjs/_/js/k=xjs.s.pt_BR.r5tZdXGAtTo.O/am=ggBQQcAA8AIAkAEAyAygAAAAAACAAgAwBiD4_wQAAqgJYmCAMgkgBAAEpvwDAAAAAwAggAMCEAAAAMBHwgUAzhwAAAws4QIAAAAAAAAAULAlCAYukAgIAAQAAAAAAECqNNH6zBUAAQ/d=1/ed=1/dg=2/rs=ACT90oGugJeHIH_gfxfUgoWGyjasAaHxmg/m=attn,cdos,cr,dpf,hsm,jsa,d,csi:481:286
s_Ci@https://www.google.com/xjs/_/js/k=xjs.s.pt_BR.r5tZdXGAtTo.O/am=ggBQQcAA8AIAkAEAyAygAAAAAACAAgAwBiD4_wQAAqgJYmCAMgkgBAAEpvwDAAAAAwAggAMCEAAAAMBHwgUAzhwAAAws4QIAAAAAAAAAULAlCAYukAgIAAQAAAAAAECqNNH6zBUAAQ/d=1/ed=1/dg=2/rs=ACT90oGugJeHIH_gfxfUgoWGyjasAaHxmg/m=attn,cdos,cr,dpf,hsm,jsa,d,csi:481:460
s_Di@https://www.google.com/xjs/_/js/k=xjs.s.pt_BR.r5tZdXGAtTo.O/am=ggBQQcAA8AIAkAEAyAygAAAAAACAAgAwBiD4_wQAAqgJYmCAMgkgBAAEpvwDAAAAAwAggAMCEAAAAMBHwgUAzhwAAAws4QIAAAAAAAAAULAlCAYukAgIAAQAAAAAAECqNNH6zBUAAQ/d=1/ed=1/dg=2/rs=ACT90oGugJeHIH_gfxfUgoWGyjasAaHxmg/m=attn,cdos,cr,dpf,hsm,jsa,d,csi:480:259
s_cZq.prototype.ka@https://www.google.com/xjs/_/js/k=xjs.s.pt_BR.r5tZdXGAtTo.O/ck=xjs.s.8V02wAjMx5w.L.F4.O/am=ggBQQcAA8AIAkAEAyAygAAAAAACAAgAwBiD4_wQAAqgJYmCAMgkgBAAEpvwDAAAAAwAggAMCEAAAAMBHwgUAzhwAAAws4QIAAAAAAAAAULAlCAYukAgIAAQAAAAAAECqNNH6zBUAAQ/d=1/exm=attn,cdos,cr,csi,d,dpf,hsm,jsa/excm=D1J6He,FuQWyc,MRb7nf,Zudxcb,a0nyD/ed=1/dg=2/rs=ACT90oGAdtoDF0NHi9Hjd8xOTOKKMhlnwQ/ee=Pjplud:PoEs9b;QGR0gd:Mlhmy;uY49fb:COQbmf;EVNhjf:pw70Gc;sTsDMc:kHVSUb;oUlnpc:RagDlc;dtl0hd:lLQWFe;dIoSBb:ZgGg9b;pXdRYb:JKoKVe;wR5FRb:TtcOte;yGxLoc:FmAr0c;g8nkx:U4MzKc;KpRAue:Tia57b;daB6be:lMxGPd;Fmv9Nc:O1Tzwc;hK67qb:QWEO5b;jVtPve:wQ95P;BMxAGc:E5bFse;R4IIIb:QWfeKf;xbe2wc:wbTLEd;wQlYve:aLUfP;ESrPQc:mNTJvc;G6wU6e:hezEbd;rgU0ue:sr4eif;SJsSc:H1GVub;SMDL4c:fTfGO;oSUNyd:fTfGO;oGtAuc:sOXFj;zOsCQe:Ko78Df;KcokUb:KiuZBf;WCEKNd:I46Hvd;EmZ2Bf:zr1jrb;NPKaK:PVlQOd;LBgRLc:XVMNvd;kbAm9d:MkHyGd;UyG7Kb:wQd0G;LsNahb:ucGLNb;rQSrae:C6D5Fc;kCQyJ:ueyPK;EABSZ:MXZt9d;qavrXe:zQzcXe;TxfV6d:YORN0b;UDrY1c:eps46d;GleZL:J1A7Od;nKl0s:xxrckd;JXS8fb:Qj0suc;qaS3gd:yiLg6e;NSEoX:lazG7b;w3bZCb:ZPGaIb;VGRfx:VFqbr;aAJE9c:WHW6Ef;imqimf:jKGL2e;BgS6mb:fidj5d;z97YGf:oug9te;CxXAWb:YyRLvc;Pguwyb:Xm4ZCd;VN6jIc:ddQyuf;F9mqte:UoRcbe;SLtqO:Kh1xYe;tosKvd:ZCqP3;WDGyFe:jcVOxd;VxQ32b:k0XsBb;DULqB:RKfG5c;Np8Qkd:Dpx6qc;bcPXSc:gSZLJb;aZ61od:arTwJ;cFTWae:gT8qnd;gaub4:TN6bMe;DpcR3d:zL72xf;hjRo6e:F62sG;BjwMce:cXX2Wb;CUcugf:BIaADc;qddgKe:x4FYXe;eBAeSb:Ck63tb;lkq0A:Z0MWEf;eHDfl:ofjVkb;SNUn3:x8cHvb;LEikZe:byfTOb,lsjVmc;io8t5d:sgY6Zb;j7137d:KG2eXe;Oj465e:KG2eXe;sP4Vbe:VwDzFe;kMFpHd:OTA3Ae;nAFL3:s39S4;iFQyKf:QIhFr;whEZac:F4AmNb;vfVwPd:OXTqFb;w9w86d:dt4g2b;KQzWid:mB4wNe;pNsl2d:j9Yuyc;Nyt6ic:jn2sGd/m=ABJeBb,CW5FZe,E19wJb,Eox39d,FmAr0c,GCSbhd,HYSCof,M0hWhd,MpJwZc,Wn3aEc,Wo3n8,cSX9Xe,d5EhJe,nPaQu,pHXghd,tIj4fb,w4UyN?xjs=s1:39:130
s_cZq.prototype.MRa@https://www.google.com/xjs/_/js/k=xjs.s.pt_BR.r5tZdXGAtTo.O/ck=xjs.s.8V02wAjMx5w.L.F4.O/am=ggBQQcAA8AIAkAEAyAygAAAAAACAAgAwBiD4_wQAAqgJYmCAMgkgBAAEpvwDAAAAAwAggAMCEAAAAMBHwgUAzhwAAAws4QIAAAAAAAAAULAlCAYukAgIAAQAAAAAAECqNNH6zBUAAQ/d=1/exm=attn,cdos,cr,csi,d,dpf,hsm,jsa/excm=D1J6He,FuQWyc,MRb7nf,Zudxcb,a0nyD/ed=1/dg=2/rs=ACT90oGAdtoDF0NHi9Hjd8xOTOKKMhlnwQ/ee=Pjplud:PoEs9b;QGR0gd:Mlhmy;uY49fb:COQbmf;EVNhjf:pw70Gc;sTsDMc:kHVSUb;oUlnpc:RagDlc;dtl0hd:lLQWFe;dIoSBb:ZgGg9b;pXdRYb:JKoKVe;wR5FRb:TtcOte;yGxLoc:FmAr0c;g8nkx:U4MzKc;KpRAue:Tia57b;daB6be:lMxGPd;Fmv9Nc:O1Tzwc;hK67qb:QWEO5b;jVtPve:wQ95P;BMxAGc:E5bFse;R4IIIb:QWfeKf;xbe2wc:wbTLEd;wQlYve:aLUfP;ESrPQc:mNTJvc;G6wU6e:hezEbd;rgU0ue:sr4eif;SJsSc:H1GVub;SMDL4c:fTfGO;oSUNyd:fTfGO;oGtAuc:sOXFj;zOsCQe:Ko78Df;KcokUb:KiuZBf;WCEKNd:I46Hvd;EmZ2Bf:zr1jrb;NPKaK:PVlQOd;LBgRLc:XVMNvd;kbAm9d:MkHyGd;UyG7Kb:wQd0G;LsNahb:ucGLNb;rQSrae:C6D5Fc;kCQyJ:ueyPK;EABSZ:MXZt9d;qavrXe:zQzcXe;TxfV6d:YORN0b;UDrY1c:eps46d;GleZL:J1A7Od;nKl0s:xxrckd;JXS8fb:Qj0suc;qaS3gd:yiLg6e;NSEoX:lazG7b;w3bZCb:ZPGaIb;VGRfx:VFqbr;aAJE9c:WHW6Ef;imqimf:jKGL2e;BgS6mb:fidj5d;z97YGf:oug9te;CxXAWb:YyRLvc;Pguwyb:Xm4ZCd;VN6jIc:ddQyuf;F9mqte:UoRcbe;SLtqO:Kh1xYe;tosKvd:ZCqP3;WDGyFe:jcVOxd;VxQ32b:k0XsBb;DULqB:RKfG5c;Np8Qkd:Dpx6qc;bcPXSc:gSZLJb;aZ61od:arTwJ;cFTWae:gT8qnd;gaub4:TN6bMe;DpcR3d:zL72xf;hjRo6e:F62sG;BjwMce:cXX2Wb;CUcugf:BIaADc;qddgKe:x4FYXe;eBAeSb:Ck63tb;lkq0A:Z0MWEf;eHDfl:ofjVkb;SNUn3:x8cHvb;LEikZe:byfTOb,lsjVmc;io8t5d:sgY6Zb;j7137d:KG2eXe;Oj465e:KG2eXe;sP4Vbe:VwDzFe;kMFpHd:OTA3Ae;nAFL3:s39S4;iFQyKf:QIhFr;whEZac:F4AmNb;vfVwPd:OXTqFb;w9w86d:dt4g2b;KQzWid:mB4wNe;pNsl2d:j9Yuyc;Nyt6ic:jn2sGd/m=ABJeBb,CW5FZe,E19wJb,Eox39d,FmAr0c,GCSbhd,HYSCof,M0hWhd,MpJwZc,Wn3aEc,Wo3n8,cSX9Xe,d5EhJe,nPaQu,pHXghd,tIj4fb,w4UyN?xjs=s1:40:183
s_n1/this.Tw@https://www.google.com/xjs/_/js/k=xjs.s.pt_BR.r5tZdXGAtTo.O/ck=xjs.s.8V02wAjMx5w.L.F4.O/am=ggBQQcAA8AIAkAEAyAygAAAAAACAAgAwBiD4_wQAAqgJYmCAMgkgBAAEpvwDAAAAAwAggAMCEAAAAMBHwgUAzhwAAAws4QIAAAAAAAAAULAlCAYukAgIAAQAAAAAAECqNNH6zBUAAQ/d=1/exm=attn,cdos,cr,csi,d,dpf,hsm,jsa/excm=D1J6He,FuQWyc,MRb7nf,Zudxcb,a0nyD/ed=1/dg=2/rs=ACT90oGAdtoDF0NHi9Hjd8xOTOKKMhlnwQ/ee=Pjplud:PoEs9b;QGR0gd:Mlhmy;uY49fb:COQbmf;EVNhjf:pw70Gc;sTsDMc:kHVSUb;oUlnpc:RagDlc;dtl0hd:lLQWFe;dIoSBb:ZgGg9b;pXdRYb:JKoKVe;wR5FRb:TtcOte;yGxLoc:FmAr0c;g8nkx:U4MzKc;KpRAue:Tia57b;daB6be:lMxGPd;Fmv9Nc:O1Tzwc;hK67qb:QWEO5b;jVtPve:wQ95P;BMxAGc:E5bFse;R4IIIb:QWfeKf;xbe2wc:wbTLEd;wQlYve:aLUfP;ESrPQc:mNTJvc;G6wU6e:hezEbd;rgU0ue:sr4eif;SJsSc:H1GVub;SMDL4c:fTfGO;oSUNyd:fTfGO;oGtAuc:sOXFj;zOsCQe:Ko78Df;KcokUb:KiuZBf;WCEKNd:I46Hvd;EmZ2Bf:zr1jrb;NPKaK:PVlQOd;LBgRLc:XVMNvd;kbAm9d:MkHyGd;UyG7Kb:wQd0G;LsNahb:ucGLNb;rQSrae:C6D5Fc;kCQyJ:ueyPK;EABSZ:MXZt9d;qavrXe:zQzcXe;TxfV6d:YORN0b;UDrY1c:eps46d;GleZL:J1A7Od;nKl0s:xxrckd;JXS8fb:Qj0suc;qaS3gd:yiLg6e;NSEoX:lazG7b;w3bZCb:ZPGaIb;VGRfx:VFqbr;aAJE9c:WHW6Ef;imqimf:jKGL2e;BgS6mb:fidj5d;z97YGf:oug9te;CxXAWb:YyRLvc;Pguwyb:Xm4ZCd;VN6jIc:ddQyuf;F9mqte:UoRcbe;SLtqO:Kh1xYe;tosKvd:ZCqP3;WDGyFe:jcVOxd;VxQ32b:k0XsBb;DULqB:RKfG5c;Np8Qkd:Dpx6qc;bcPXSc:gSZLJb;aZ61od:arTwJ;cFTWae:gT8qnd;gaub4:TN6bMe;DpcR3d:zL72xf;hjRo6e:F62sG;BjwMce:cXX2Wb;CUcugf:BIaADc;qddgKe:x4FYXe;eBAeSb:Ck63tb;lkq0A:Z0MWEf;eHDfl:ofjVkb;SNUn3:x8cHvb;LEikZe:byfTOb,lsjVmc;io8t5d:sgY6Zb;j7137d:KG2eXe;Oj465e:KG2eXe;sP4Vbe:VwDzFe;kMFpHd:OTA3Ae;nAFL3:s39S4;iFQyKf:QIhFr;whEZac:F4AmNb;vfVwPd:OXTqFb;w9w86d:dt4g2b;KQzWid:mB4wNe;pNsl2d:j9Yuyc;Nyt6ic:jn2sGd/m=ABJeBb,CW5FZe,E19wJb,Eox39d,FmAr0c,GCSbhd,HYSCof,M0hWhd,MpJwZc,Wn3aEc,Wo3n8,cSX9Xe,d5EhJe,nPaQu,pHXghd,tIj4fb,w4UyN?xjs=s1:25:216
s_dZq@https://www.google.com/xjs/_/js/k=xjs.s.pt_BR.r5tZdXGAtTo.O/ck=xjs.s.8V02wAjMx5w.L.F4.O/am=ggBQQcAA8AIAkAEAyAygAAAAAACAAgAwBiD4_wQAAqgJYmCAMgkgBAAEpvwDAAAAAwAggAMCEAAAAMBHwgUAzhwAAAws4QIAAAAAAAAAULAlCAYukAgIAAQAAAAAAECqNNH6zBUAAQ/d=1/exm=attn,cdos,cr,csi,d,dpf,hsm,jsa/excm=D1J6He,FuQWyc,MRb7nf,Zudxcb,a0nyD/ed=1/dg=2/rs=ACT90oGAdtoDF0NHi9Hjd8xOTOKKMhlnwQ/ee=Pjplud:PoEs9b;QGR0gd:Mlhmy;uY49fb:COQbmf;EVNhjf:pw70Gc;sTsDMc:kHVSUb;oUlnpc:RagDlc;dtl0hd:lLQWFe;dIoSBb:ZgGg9b;pXdRYb:JKoKVe;wR5FRb:TtcOte;yGxLoc:FmAr0c;g8nkx:U4MzKc;KpRAue:Tia57b;daB6be:lMxGPd;Fmv9Nc:O1Tzwc;hK67qb:QWEO5b;jVtPve:wQ95P;BMxAGc:E5bFse;R4IIIb:QWfeKf;xbe2wc:wbTLEd;wQlYve:aLUfP;ESrPQc:mNTJvc;G6wU6e:hezEbd;rgU0ue:sr4eif;SJsSc:H1GVub;SMDL4c:fTfGO;oSUNyd:fTfGO;oGtAuc:sOXFj;zOsCQe:Ko78Df;KcokUb:KiuZBf;WCEKNd:I46Hvd;EmZ2Bf:zr1jrb;NPKaK:PVlQOd;LBgRLc:XVMNvd;kbAm9d:MkHyGd;UyG7Kb:wQd0G;LsNahb:ucGLNb;rQSrae:C6D5Fc;kCQyJ:ueyPK;EABSZ:MXZt9d;qavrXe:zQzcXe;TxfV6d:YORN0b;UDrY1c:eps46d;GleZL:J1A7Od;nKl0s:xxrckd;JXS8fb:Qj0suc;qaS3gd:yiLg6e;NSEoX:lazG7b;w3bZCb:ZPGaIb;VGRfx:VFqbr;aAJE9c:WHW6Ef;imqimf:jKGL2e;BgS6mb:fidj5d;z97YGf:oug9te;CxXAWb:YyRLvc;Pguwyb:Xm4ZCd;VN6jIc:ddQyuf;F9mqte:UoRcbe;SLtqO:Kh1xYe;tosKvd:ZCqP3;WDGyFe:jcVOxd;VxQ32b:k0XsBb;DULqB:RKfG5c;Np8Qkd:Dpx6qc;bcPXSc:gSZLJb;aZ61od:arTwJ;cFTWae:gT8qnd;gaub4:TN6bMe;DpcR3d:zL72xf;hjRo6e:F62sG;BjwMce:cXX2Wb;CUcugf:BIaADc;qddgKe:x4FYXe;eBAeSb:Ck63tb;lkq0A:Z0MWEf;eHDfl:ofjVkb;SNUn3:x8cHvb;LEikZe:byfTOb,lsjVmc;io8t5d:sgY6Zb;j7137d:KG2eXe;Oj465e:KG2eXe;sP4Vbe:VwDzFe;kMFpHd:OTA3Ae;nAFL3:s39S4;iFQyKf:QIhFr;whEZac:F4AmNb;vfVwPd:OXTqFb;w9w86d:dt4g2b;KQzWid:mB4wNe;pNsl2d:j9Yuyc;Nyt6ic:jn2sGd/m=ABJeBb,CW5FZe,E19wJb,Eox39d,FmAr0c,GCSbhd,HYSCof,M0hWhd,MpJwZc,Wn3aEc,Wo3n8,cSX9Xe,d5EhJe,nPaQu,pHXghd,tIj4fb,w4UyN?xjs=s1:41:295
s_md/c<@https://www.google.com/xjs/_/js/k=xjs.s.pt_BR.r5tZdXGAtTo.O/am=ggBQQcAA8AIAkAEAyAygAAAAAACAAgAwBiD4_wQAAqgJYmCAMgkgBAAEpvwDAAAAAwAggAMCEAAAAMBHwgUAzhwAAAws4QIAAAAAAAAAULAlCAYukAgIAAQAAAAAAECqNNH6zBUAAQ/d=1/ed=1/dg=2/rs=ACT90oGugJeHIH_gfxfUgoWGyjasAaHxmg/m=attn,cdos,cr,dpf,hsm,jsa,d,csi:680:115
s_3qa@https://www.google.com/xjs/_/js/k=xjs.s.pt_BR.r5tZdXGAtTo.O/am=ggBQQcAA8AIAkAEAyAygAAAAAACAAgAwBiD4_wQAAqgJYmCAMgkgBAAEpvwDAAAAAwAggAMCEAAAAMBHwgUAzhwAAAws4QIAAAAAAAAAULAlCAYukAgIAAQAAAAAAECqNNH6zBUAAQ/d=1/ed=1/dg=2/rs=ACT90oGugJeHIH_gfxfUgoWGyjasAaHxmg/m=attn,cdos,cr,dpf,hsm,jsa,d,csi:549:359
s_2qa@https://www.google.com/xjs/_/js/k=xjs.s.pt_BR.r5tZdXGAtTo.O/am=ggBQQcAA8AIAkAEAyAygAAAAAACAAgAwBiD4_wQAAqgJYmCAMgkgBAAEpvwDAAAAAwAggAMCEAAAAMBHwgUAzhwAAAws4QIAAAAAAAAAULAlCAYukAgIAAQAAAAAAECqNNH6zBUAAQ/d=1/ed=1/dg=2/rs=ACT90oGugJeHIH_gfxfUgoWGyjasAaHxmg/m=attn,cdos,cr,dpf,hsm,jsa,d,csi:546:56
s_bd.prototype.lBc@https://www.google.com/xjs/_/js/k=xjs.s.pt_BR.r5tZdXGAtTo.O/am=ggBQQcAA8AIAkAEAyAygAAAAAACAAgAwBiD4_wQAAqgJYmCAMgkgBAAEpvwDAAAAAwAggAMCEAAAAMBHwgUAzhwAAAws4QIAAAAAAAAAULAlCAYukAgIAAQAAAAAAECqNNH6zBUAAQ/d=1/ed=1/dg=2/rs=ACT90oGugJeHIH_gfxfUgoWGyjasAaHxmg/m=attn,cdos,cr,dpf,hsm,jsa,d,csi:545:492
s_3qa@https://www.google.com/xjs/_/js/k=xjs.s.pt_BR.r5tZdXGAtTo.O/am=ggBQQcAA8AIAkAEAyAygAAAAAACAAgAwBiD4_wQAAqgJYmCAMgkgBAAEpvwDAAAAAwAggAMCEAAAAMBHwgUAzhwAAAws4QIAAAAAAAAAULAlCAYukAgIAAQAAAAAAECqNNH6zBUAAQ/d=1/ed=1/dg=2/rs=ACT90oGugJeHIH_gfxfUgoWGyjasAaHxmg/m=attn,cdos,cr,dpf,hsm,jsa,d,csi:549:359
s_ej@https://www.google.com/xjs/_/js/k=xjs.s.pt_BR.r5tZdXGAtTo.O/am=ggBQQcAA8AIAkAEAyAygAAAAAACAAgAwBiD4_wQAAqgJYmCAMgkgBAAEpvwDAAAAAwAggAMCEAAAAMBHwgUAzhwAAAws4QIAAAAAAAAAULAlCAYukAgIAAQAAAAAAECqNNH6zBUAAQ/d=1/ed=1/dg=2/rs=ACT90oGugJeHIH_gfxfUgoWGyjasAaHxmg/m=attn,cdos,cr,dpf,hsm,jsa,d,csi:547:196
s_3qa@https://www.google.com/xjs/_/js/k=xjs.s.pt_BR.r5tZdXGAtTo.O/am=ggBQQcAA8AIAkAEAyAygAAAAAACAAgAwBiD4_wQAAqgJYmCAMgkgBAAEpvwDAAAAAwAggAMCEAAAAMBHwgUAzhwAAAws4QIAAAAAAAAAULAlCAYukAgIAAQAAAAAAECqNNH6zBUAAQ/d=1/ed=1/dg=2/rs=ACT90oGugJeHIH_gfxfUgoWGyjasAaHxmg/m=attn,cdos,cr,dpf,hsm,jsa,d,csi:550:149
s_2qa@https://www.google.com/xjs/_/js/k=xjs.s.pt_BR.r5tZdXGAtTo.O/am=ggBQQcAA8AIAkAEAyAygAAAAAACAAgAwBiD4_wQAAqgJYmCAMgkgBAAEpvwDAAAAAwAggAMCEAAAAMBHwgUAzhwAAAws4QIAAAAAAAAAULAlCAYukAgIAAQAAAAAAECqNNH6zBUAAQ/d=1/ed=1/dg=2/rs=ACT90oGugJeHIH_gfxfUgoWGyjasAaHxmg/m=attn,cdos,cr,dpf,hsm,jsa,d,csi:546:56
s_bd.prototype.callback@https://www.google.com/xjs/_/js/k=xjs.s.pt_BR.r5tZdXGAtTo.O/am=ggBQQcAA8AIAkAEAyAygAAAAAACAAgAwBiD4_wQAAqgJYmCAMgkgBAAEpvwDAAAAAwAggAMCEAAAAMBHwgUAzhwAAAws4QIAAAAAAAAAULAlCAYukAgIAAQAAAAAAECqNNH6zBUAAQ/d=1/ed=1/dg=2/rs=ACT90oGugJeHIH_gfxfUgoWGyjasAaHxmg/m=attn,cdos,cr,dpf,hsm,jsa,d,csi:546:202
s_Lga.prototype.wa@https://www.google.com/xjs/_/js/k=xjs.s.pt_BR.r5tZdXGAtTo.O/am=ggBQQcAA8AIAkAEAyAygAAAAAACAAgAwBiD4_wQAAqgJYmCAMgkgBAAEpvwDAAAAAwAggAMCEAAAAMBHwgUAzhwAAAws4QIAAAAAAAAAULAlCAYukAgIAAQAAAAAAECqNNH6zBUAAQ/d=1/ed=1/dg=2/rs=ACT90oGugJeHIH_gfxfUgoWGyjasAaHxmg/m=attn,cdos,cr,dpf,hsm,jsa,d,csi:672:420
s_3qa@https://www.google.com/xjs/_/js/k=xjs.s.pt_BR.r5tZdXGAtTo.O/am=ggBQQcAA8AIAkAEAyAygAAAAAACAAgAwBiD4_wQAAqgJYmCAMgkgBAAEpvwDAAAAAwAggAMCEAAAAMBHwgUAzhwAAAws4QIAAAAAAAAAULAlCAYukAgIAAQAAAAAAECqNNH6zBUAAQ/d=1/ed=1/dg=2/rs=ACT90oGugJeHIH_gfxfUgoWGyjasAaHxmg/m=attn,cdos,cr,dpf,hsm,jsa,d,csi:549:359
s_2qa@https://www.google.com/xjs/_/js/k=xjs.s.pt_BR.r5tZdXGAtTo.O/am=ggBQQcAA8AIAkAEAyAygAAAAAACAAgAwBiD4_wQAAqgJYmCAMgkgBAAEpvwDAAAAAwAggAMCEAAAAMBHwgUAzhwAAAws4QIAAAAAAAAAULAlCAYukAgIAAQAAAAAAECqNNH6zBUAAQ/d=1/ed=1/dg=2/rs=ACT90oGugJeHIH_gfxfUgoWGyjasAaHxmg/m=attn,cdos,cr,dpf,hsm,jsa,d,csi:546:56
s_bd.prototype.callback@https://www.google.com/xjs/_/js/k=xjs.s.pt_BR.r5tZdXGAtTo.O/am=ggBQQcAA8AIAkAEAyAygAAAAAACAAgAwBiD4_wQAAqgJYmCAMgkgBAAEpvwDAAAAAwAggAMCEAAAAMBHwgUAzhwAAAws4QIAAAAAAAAAULAlCAYukAgIAAQAAAAAAECqNNH6zBUAAQ/d=1/ed=1/dg=2/rs=ACT90oGugJeHIH_gfxfUgoWGyjasAaHxmg/m=attn,cdos,cr,dpf,hsm,jsa,d,csi:546:202
s_cra/<@https://www.google.com/xjs/_/js/k=xjs.s.pt_BR.r5tZdXGAtTo.O/am=ggBQQcAA8AIAkAEAyAygAAAAAACAAgAwBiD4_wQAAqgJYmCAMgkgBAAEpvwDAAAAAwAggAMCEAAAAMBHwgUAzhwAAAws4QIAAAAAAAAAULAlCAYukAgIAAQAAAAAAECqNNH6zBUAAQ/d=1/ed=1/dg=2/rs=ACT90oGugJeHIH_gfxfUgoWGyjasAaHxmg/m=attn,cdos,cr,dpf,hsm,jsa,d,csi:550:340
s_gpa/e.ka</e.wa<@https://www.google.com/xjs/_/js/k=xjs.s.pt_BR.r5tZdXGAtTo.O/am=ggBQQcAA8AIAkAEAyAygAAAAAACAAgAwBiD4_wQAAqgJYmCAMgkgBAAEpvwDAAAAAwAggAMCEAAAAMBHwgUAzhwAAAws4QIAAAAAAAAAULAlCAYukAgIAAQAAAAAAECqNNH6zBUAAQ/d=1/ed=1/dg=2/rs=ACT90oGugJeHIH_gfxfUgoWGyjasAaHxmg/m=attn,cdos,cr,dpf,hsm,jsa,d,csi:426:499
s_opa@https://www.google.com/xjs/_/js/k=xjs.s.pt_BR.r5tZdXGAtTo.O/am=ggBQQcAA8AIAkAEAyAygAAAAAACAAgAwBiD4_wQAAqgJYmCAMgkgBAAEpvwDAAAAAwAggAMCEAAAAMBHwgUAzhwAAAws4QIAAAAAAAAAULAlCAYukAgIAAQAAAAAAECqNNH6zBUAAQ/d=1/ed=1/dg=2/rs=ACT90oGugJeHIH_gfxfUgoWGyjasAaHxmg/m=attn,cdos,cr,dpf,hsm,jsa,d,csi:430:244
s_kpa@https://www.google.com/xjs/_/js/k=xjs.s.pt_BR.r5tZdXGAtTo.O/am=ggBQQcAA8AIAkAEAyAygAAAAAACAAgAwBiD4_wQAAqgJYmCAMgkgBAAEpvwDAAAAAwAggAMCEAAAAMBHwgUAzhwAAAws4QIAAAAAAAAAULAlCAYukAgIAAQAAAAAAECqNNH6zBUAAQ/d=1/ed=1/dg=2/rs=ACT90oGugJeHIH_gfxfUgoWGyjasAaHxmg/m=attn,cdos,cr,dpf,hsm,jsa,d,csi:430:105
s_Uh.prototype.xob@https://www.google.com/xjs/_/js/k=xjs.s.pt_BR.r5tZdXGAtTo.O/am=ggBQQcAA8AIAkAEAyAygAAAAAACAAgAwBiD4_wQAAqgJYmCAMgkgBAAEpvwDAAAAAwAggAMCEAAAAMBHwgUAzhwAAAws4QIAAAAAAAAAULAlCAYukAgIAAQAAAAAAECqNNH6zBUAAQ/d=1/ed=1/dg=2/rs=ACT90oGugJeHIH_gfxfUgoWGyjasAaHxmg/m=attn,cdos,cr,dpf,hsm,jsa,d,csi:429:104
s_9oa@https://www.google.com/xjs/_/js/k=xjs.s.pt_BR.r5tZdXGAtTo.O/am=ggBQQcAA8AIAkAEAyAygAAAAAACAAgAwBiD4_wQAAqgJYmCAMgkgBAAEpvwDAAAAAwAggAMCEAAAAMBHwgUAzhwAAAws4QIAAAAAAAAAULAlCAYukAgIAAQAAAAAAECqNNH6zBUAAQ/d=1/ed=1/dg=2/rs=ACT90oGugJeHIH_gfxfUgoWGyjasAaHxmg/m=attn,cdos,cr,dpf,hsm,jsa,d,csi:420:327

JavaScript warning: https://static.cdninstagram.com/rsrc.php/v3i3EL4/yr/l/pt_BR/9lG1fLg4tsj.js?_nc_x=Ij3Wp8lg5Kz, line 1805: unreachable code after return statement
JavaScript warning: https://static.cdninstagram.com/rsrc.php/v3i3EL4/yr/l/pt_BR/9lG1fLg4tsj.js?_nc_x=Ij3Wp8lg5Kz, line 1805: unreachable code after return statement
JavaScript warning: https://static.cdninstagram.com/rsrc.php/v3i3EL4/yr/l/pt_BR/9lG1fLg4tsj.js?_nc_x=Ij3Wp8lg5Kz, line 1805: unreachable code after return statement
JavaScript warning: https://static.cdninstagram.com/rsrc.php/v3ip1w4/yg/l/pt_BR/MM9wWhuqosl.js?_nc_x=Ij3Wp8lg5Kz, line 37: WEBGL_debug_renderer_info is deprecated in Firefox and will be removed. Please use RENDERER.
console.warn: LoginRecipes: "Falling back to a synchronous message for: https://www.instagram.com."
WARNING: At least one completion condition is taking too long to complete. Conditions: [{"name":"SessionStore: flushing all windows","state":{"total":1,"current":0},"filename":"resource:///modules/sessionstore/SessionStore.jsm","lineNumber":2196,"stack":["resource:///modules/sessionstore/SessionStore.jsm:ssi_onQuitApplicationGranted:2196","resource:///modules/sessionstore/SessionStore.jsm:ssi_observe:1106"]}] Barrier: quit-application-granted
1666289469839	Marionette	INFO	Stopped listening on port 61215
tory.
console.warn: SearchSettings: "get: No settings file exists, new profile?" (new NotFoundError("Could not open the file at C:\\Users\\MURILO~1\\AppData\\Local\\Temp\\rust_mozprofile9bNGcj\\search.json.mozlz4", (void 0)))
JavaScript warning: https://static.cdninstagram.com/rsrc.php/v3i3EL4/yr/l/pt_BR/9lG1fLg4tsj.js?_nc_x=Ij3Wp8lg5Kz, line 1805: unreachable code after return statement
JavaScript warning: https://static.cdninstagram.com/rsrc.php/v3i3EL4/yr/l/pt_BR/9lG1fLg4tsj.js?_nc_x=Ij3Wp8lg5Kz, line 1805: unreachable code after return statement
JavaScript warning: https://static.cdninstagram.com/rsrc.php/v3i3EL4/yr/l/pt_BR/9lG1fLg4tsj.js?_nc_x=Ij3Wp8lg5Kz, line 1805: unreachable code after return statement
JavaScript warning: https://static.cdninstagram.com/rsrc.php/v3ip1w4/yg/l/pt_BR/MM9wWhuqosl.js?_nc_x=Ij3Wp8lg5Kz, line 37: WEBGL_debug_renderer_info is deprecated in Firefox and will be removed. Please use RENDERER.
1666289460977	Marionette	INFO	Stopped listening on port 55655
JavaScript error: resource:///modules/WindowsJumpLists.jsm, line 274: TypeError: this._builder is undefined
JavaScript error: resource:///modules/WindowsJumpLists.jsm, line 274: TypeError: this._builder is undefined
